<?xml version="1.0" encoding="UTF-8"?>
<!-- Generated by org.testng.reporters.JUnitXMLReporter -->
<testsuite ignored="0" hostname="Nitisha-PC" failures="0" tests="5" name="Default test" time="11.513" errors="0" timestamp="2026-01-09T15:14:49 CST">
  <testcase classname="testCases.TC02_Login" name="testLogin" time="1.532"/>
  <testcase classname="testCases.TC02_Login" name="testLogin" time="1.037"/>
  <testcase classname="testCases.TC02_Login" name="testLogin" time="1.108"/>
  <testcase classname="testCases.TC02_Login" name="testLogin" time="1.105"/>
  <testcase classname="testCases.TC02_Login" name="testLogin" time="1.108"/>
</testsuite> <!-- Default test -->
