<?xml version="1.0" encoding="UTF-8"?>
<!-- Generated by org.testng.reporters.JUnitXMLReporter -->
<testsuite ignored="0" hostname="Nitisha-PC" failures="1" tests="12" name="firefoxTest" time="74.201" errors="0" timestamp="2026-01-17T17:57:00 CST">
  <testcase classname="testCases.TC01_LaunchApplication" name="testLaunchApplication" time="0.021"/>
  <testcase classname="testCases.TC03_AddToCart" name="testAddToCart" time="2.928"/>
  <testcase classname="testCases.TC05_AddToWishList" name="testAddToWishList" time="2.782"/>
  <testcase classname="testCases.TC06_AddAffiliate" name="testAddAffiliate" time="3.124"/>
  <testcase classname="testCases.TC02_Login" name="testLogin" time="1.228"/>
  <testcase classname="testCases.TC02_Login" name="testLogin" time="0.934"/>
  <testcase classname="testCases.TC02_Login" name="testLogin" time="0.953"/>
  <testcase classname="testCases.TC02_Login" name="testLogin" time="1.008"/>
  <testcase classname="testCases.TC02_Login" name="testLogin" time="0.993"/>
  <testcase classname="testCases.TC04_CompletePurchase" name="testCompletePurchase" time="5.059">
    <skipped/>
  </testcase> <!-- testCompletePurchase -->
  <testcase classname="testCases.TC04_CompletePurchase" name="testCompletePurchase" time="1.324">
    <skipped/>
  </testcase> <!-- testCompletePurchase -->
  <testcase classname="testCases.TC04_CompletePurchase" name="testCompletePurchase" time="1.316">
    <failure type="java.lang.AssertionError" message="Test failed due to exception: Element &amp;lt;a href=&amp;quot;https://www.cloudberrystore.services/index.php?route=product/product&amp;amp;language=en-gb&amp;amp;product_id=47&amp;quot;&amp;gt; could not be scrolled into view
Build info: version: &amp;apos;4.31.0&amp;apos;, revision: &amp;apos;1ef9f18787*&amp;apos;
System info: os.name: &amp;apos;Windows 11&amp;apos;, os.arch: &amp;apos;amd64&amp;apos;, os.version: &amp;apos;10.0&amp;apos;, java.version: &amp;apos;21.0.8&amp;apos;
Driver info: org.openqa.selenium.firefox.FirefoxDriver
Command: [ca0dd785-7c92-49c2-b171-d3e3c3e58c2f, clickElement {id=7ad958c1-efd8-4382-85e9-949877ee5b1a}]
Capabilities {acceptInsecureCerts: true, browserName: firefox, browserVersion: 146.0.1, moz:accessibilityChecks: false, moz:buildID: 20251217121356, moz:geckodriverVersion: 0.36.0, moz:headless: false, moz:platformVersion: 10.0, moz:processID: 39252, moz:profile: C:\Users\nitis\AppData\Loca..., moz:shutdownTimeout: 60000, moz:webdriverClick: true, moz:windowless: false, pageLoadStrategy: normal, platformName: windows, proxy: Proxy(), setWindowRect: true, strictFileInteractability: false, timeouts: {implicit: 0, pageLoad: 300000, script: 30000}, unhandledPromptBehavior: dismiss and notify, userAgent: Mozilla/5.0 (Windows NT 10....}
Element: [[FirefoxDriver: firefox on windows (ca0dd785-7c92-49c2-b171-d3e3c3e58c2f)] -&amp;gt; xpath: //a[normalize-space()=&amp;apos;HP LP3065&amp;apos;]]
Session ID: ca0dd785-7c92-49c2-b171-d3e3c3e58c2f">
      <![CDATA[java.lang.AssertionError: Test failed due to exception: Element <a href="https://www.cloudberrystore.services/index.php?route=product/product&language=en-gb&product_id=47"> could not be scrolled into view
Build info: version: '4.31.0', revision: '1ef9f18787*'
System info: os.name: 'Windows 11', os.arch: 'amd64', os.version: '10.0', java.version: '21.0.8'
Driver info: org.openqa.selenium.firefox.FirefoxDriver
Command: [ca0dd785-7c92-49c2-b171-d3e3c3e58c2f, clickElement {id=7ad958c1-efd8-4382-85e9-949877ee5b1a}]
Capabilities {acceptInsecureCerts: true, browserName: firefox, browserVersion: 146.0.1, moz:accessibilityChecks: false, moz:buildID: 20251217121356, moz:geckodriverVersion: 0.36.0, moz:headless: false, moz:platformVersion: 10.0, moz:processID: 39252, moz:profile: C:\Users\nitis\AppData\Loca..., moz:shutdownTimeout: 60000, moz:webdriverClick: true, moz:windowless: false, pageLoadStrategy: normal, platformName: windows, proxy: Proxy(), setWindowRect: true, strictFileInteractability: false, timeouts: {implicit: 0, pageLoad: 300000, script: 30000}, unhandledPromptBehavior: dismiss and notify, userAgent: Mozilla/5.0 (Windows NT 10....}
Element: [[FirefoxDriver: firefox on windows (ca0dd785-7c92-49c2-b171-d3e3c3e58c2f)] -> xpath: //a[normalize-space()='HP LP3065']]
Session ID: ca0dd785-7c92-49c2-b171-d3e3c3e58c2f
at testCases.TC04_CompletePurchase.testCompletePurchase(TC04_CompletePurchase.java:97)
at java.base/java.util.ArrayList.forEach(ArrayList.java:1596)
... Removed 26 stack frames]]>
    </failure>
  </testcase> <!-- testCompletePurchase -->
</testsuite> <!-- firefoxTest -->
