<?xml version="1.0" encoding="UTF-8"?>
<!-- Generated by org.testng.reporters.JUnitXMLReporter -->
<testsuite ignored="0" hostname="Nitisha-PC" failures="0" tests="10" name="Test" time="51.354" errors="0" timestamp="2026-01-09T16:20:25 CST">
  <testcase classname="testCases.TC01_LaunchApplication" name="testLaunchApplication" time="0.125"/>
  <testcase classname="testCases.TC03_AddToCart" name="testAddToCart" time="3.766"/>
  <testcase classname="testCases.TC05_AddToWishList" name="testAddToWishList" time="4.158"/>
  <testcase classname="testCases.TC06_AddAffiliate" name="testAddAffiliate" time="4.838"/>
  <testcase classname="testCases.TC02_Login" name="testLogin" time="2.006"/>
  <testcase classname="testCases.TC02_Login" name="testLogin" time="1.251"/>
  <testcase classname="testCases.TC02_Login" name="testLogin" time="1.285"/>
  <testcase classname="testCases.TC02_Login" name="testLogin" time="1.407"/>
  <testcase classname="testCases.TC02_Login" name="testLogin" time="1.399"/>
  <testcase classname="testCases.TC04_CompletePurchase" name="testCompletePurchase" time="7.35"/>
</testsuite> <!-- Test -->
