<?xml version="1.0" encoding="UTF-8"?>
<!-- Generated by org.testng.reporters.JUnitXMLReporter -->
<testsuite ignored="0" hostname="Nitisha-PC" failures="0" tests="10" name="chromeTest" time="69.157" errors="0" timestamp="2026-01-18T19:22:17 CST">
  <testcase classname="testCases.TC01_LaunchApplication" name="testLaunchApplication" time="0.702"/>
  <testcase classname="testCases.TC03_AddToCart" name="testAddToCart" time="3.672"/>
  <testcase classname="testCases.TC05_AddToWishList" name="testAddToWishList" time="4.578"/>
  <testcase classname="testCases.TC06_AddAffiliate" name="testAddAffiliate" time="5.364"/>
  <testcase classname="testCases.TC02_Login" name="testLogin" time="2.77"/>
  <testcase classname="testCases.TC02_Login" name="testLogin" time="2.085"/>
  <testcase classname="testCases.TC02_Login" name="testLogin" time="1.688"/>
  <testcase classname="testCases.TC02_Login" name="testLogin" time="3.134"/>
  <testcase classname="testCases.TC02_Login" name="testLogin" time="3.324"/>
  <testcase classname="testCases.TC04_CompletePurchase" name="testCompletePurchase" time="8.21"/>
</testsuite> <!-- chromeTest -->
