<?xml version="1.0" encoding="UTF-8"?>
<!-- Generated by org.testng.reporters.JUnitXMLReporter -->
<testsuite ignored="0" hostname="Nitisha-PC" failures="0" tests="10" name="edgeTest" time="57.331" errors="0" timestamp="2026-01-18T19:24:36 CST">
  <testcase classname="testCases.TC01_LaunchApplication" name="testLaunchApplication" time="0.023"/>
  <testcase classname="testCases.TC03_AddToCart" name="testAddToCart" time="3.499"/>
  <testcase classname="testCases.TC05_AddToWishList" name="testAddToWishList" time="4.41"/>
  <testcase classname="testCases.TC06_AddAffiliate" name="testAddAffiliate" time="5.231"/>
  <testcase classname="testCases.TC02_Login" name="testLogin" time="3.131"/>
  <testcase classname="testCases.TC02_Login" name="testLogin" time="2.195"/>
  <testcase classname="testCases.TC02_Login" name="testLogin" time="2.199"/>
  <testcase classname="testCases.TC02_Login" name="testLogin" time="1.865"/>
  <testcase classname="testCases.TC02_Login" name="testLogin" time="1.591"/>
  <testcase classname="testCases.TC04_CompletePurchase" name="testCompletePurchase" time="9.36"/>
</testsuite> <!-- edgeTest -->
