<?xml version="1.0" encoding="UTF-8"?>
<!-- Generated by org.testng.reporters.JUnitXMLReporter -->
<testsuite ignored="0" hostname="Nitisha-PC" failures="0" tests="10" name="firefoxTest" time="79.597" errors="0" timestamp="2026-01-18T19:23:37 CST">
  <testcase classname="testCases.TC01_LaunchApplication" name="testLaunchApplication" time="0.03"/>
  <testcase classname="testCases.TC03_AddToCart" name="testAddToCart" time="2.705"/>
  <testcase classname="testCases.TC05_AddToWishList" name="testAddToWishList" time="2.871"/>
  <testcase classname="testCases.TC06_AddAffiliate" name="testAddAffiliate" time="3.935"/>
  <testcase classname="testCases.TC02_Login" name="testLogin" time="1.693"/>
  <testcase classname="testCases.TC02_Login" name="testLogin" time="1.404"/>
  <testcase classname="testCases.TC02_Login" name="testLogin" time="1.247"/>
  <testcase classname="testCases.TC02_Login" name="testLogin" time="1.177"/>
  <testcase classname="testCases.TC02_Login" name="testLogin" time="1.283"/>
  <testcase classname="testCases.TC04_CompletePurchase" name="testCompletePurchase" time="5.998"/>
</testsuite> <!-- firefoxTest -->
