<?xml version="1.0" encoding="UTF-8"?>
<testsuite xmlns:xsi="http://www.w3.org/2001/XMLSchema-instance" xsi:noNamespaceSchemaLocation="https://maven.apache.org/surefire/maven-surefire-plugin/xsd/surefire-test-report.xsd" version="3.0.2" name="TestSuite" time="212.28" tests="30" errors="0" skipped="0" failures="0">
  <properties>
[...]
</properties>
  <testcase name="testLaunchApplication" classname="testCases.TC01_LaunchApplication" time="0.725">
    <system-err><![CDATA[2026-01-19T01:21:05.440191600Z main INFO Starting configuration XmlConfiguration[location=C:\Users\nitis\eclipse-workspace\NinjaV6\target\test-classes\log4j2.xml, lastModified=2026-01-11T19:50:36.523Z]...
2026-01-19T01:21:05.442208700Z main INFO Configuration XmlConfiguration[location=C:\Users\nitis\eclipse-workspace\NinjaV6\target\test-classes\log4j2.xml, lastModified=2026-01-11T19:50:36.523Z] started.
2026-01-19T01:21:05.446756700Z main INFO Stopping configuration org.apache.logging.log4j.core.config.DefaultConfiguration@1139b2f3...
2026-01-19T01:21:05.446756700Z main INFO Configuration org.apache.logging.log4j.core.config.DefaultConfiguration@1139b2f3 stopped.
Jan 18, 2026 7:21:06 PM org.openqa.selenium.remote.tracing.opentelemetry.OpenTelemetryTracer createTracer
INFO: Using OpenTelemetry for tracing
]]></system-err>
  </testcase>
  <testcase name="testLaunchApplication" classname="testCases.TC01_LaunchApplication" time="0.03"/>
  <testcase name="testLaunchApplication" classname="testCases.TC01_LaunchApplication" time="0.025"/>
  <testcase name="testAddToCart" classname="testCases.TC03_AddToCart" time="3.67"/>
  <testcase name="testAddToCart" classname="testCases.TC03_AddToCart" time="2.705"/>
  <testcase name="testAddToCart" classname="testCases.TC03_AddToCart" time="3.498"/>
  <testcase name="testAddToWishList" classname="testCases.TC05_AddToWishList" time="4.575"/>
  <testcase name="testAddToWishList" classname="testCases.TC05_AddToWishList" time="2.871"/>
  <testcase name="testAddToWishList" classname="testCases.TC05_AddToWishList" time="4.409"/>
  <testcase name="testAddAffiliate" classname="testCases.TC06_AddAffiliate" time="5.365"/>
  <testcase name="testAddAffiliate" classname="testCases.TC06_AddAffiliate" time="3.925"/>
  <testcase name="testAddAffiliate" classname="testCases.TC06_AddAffiliate" time="5.229"/>
  <testcase name="testLogin[smitasharma.qa@gmail.com, ss*QA123](1)" classname="testCases.TC02_Login" time="2.772"/>
  <testcase name="testLogin[smitasharma.qa@gmail.com, ss*QA123](1)" classname="testCases.TC02_Login" time="1.693"/>
  <testcase name="testLogin[smitasharma.qa@gmail.com, ss*QA123](1)" classname="testCases.TC02_Login" time="3.131"/>
  <testcase name="testLogin[nona@yahoo.com, QWER!@#$](2)" classname="testCases.TC02_Login" time="2.086"/>
  <testcase name="testLogin[nona@yahoo.com, QWER!@#$](2)" classname="testCases.TC02_Login" time="1.406"/>
  <testcase name="testLogin[nona@yahoo.com, QWER!@#$](2)" classname="testCases.TC02_Login" time="2.188"/>
  <testcase name="testLogin[sid@cloudberry.services, Test123](3)" classname="testCases.TC02_Login" time="1.69"/>
  <testcase name="testLogin[sid@cloudberry.services, Test123](3)" classname="testCases.TC02_Login" time="1.249"/>
  <testcase name="testLogin[sid@cloudberry.services, Test123](3)" classname="testCases.TC02_Login" time="2.2"/>
  <testcase name="testLogin[apushedwoman@gmail.com, password123](4)" classname="testCases.TC02_Login" time="3.139"/>
  <testcase name="testLogin[apushedwoman@gmail.com, password123](4)" classname="testCases.TC02_Login" time="1.177"/>
  <testcase name="testLogin[apushedwoman@gmail.com, password123](4)" classname="testCases.TC02_Login" time="1.866"/>
  <testcase name="testLogin[hichamkhachiai@gmail.com, hicham123](5)" classname="testCases.TC02_Login" time="3.323"/>
  <testcase name="testLogin[hichamkhachiai@gmail.com, hicham123](5)" classname="testCases.TC02_Login" time="1.285"/>
  <testcase name="testLogin[hichamkhachiai@gmail.com, hicham123](5)" classname="testCases.TC02_Login" time="1.592"/>
  <testcase name="testCompletePurchase" classname="testCases.TC04_CompletePurchase" time="8.211"/>
  <testcase name="testCompletePurchase" classname="testCases.TC04_CompletePurchase" time="5.997"/>
  <testcase name="testCompletePurchase" classname="testCases.TC04_CompletePurchase" time="9.36"/>
</testsuite>