<?xml version="1.0" encoding="UTF-8"?>
<!-- Generated by org.testng.reporters.JUnitReportReporter -->
<testsuite hostname="Nitisha-PC" failures="0" tests="3" name="testCases.TC06_AddAffiliate" time="12.752" errors="0" timestamp="2026-01-17T17:58:20 CST" skipped="0">
  <testcase classname="testCases.TC06_AddAffiliate" name="testAddAffiliate" time="4.666"/>
  <testcase classname="testCases.TC06_AddAffiliate" name="testAddAffiliate" time="3.124"/>
  <testcase classname="testCases.TC06_AddAffiliate" name="testAddAffiliate" time="4.962"/>
</testsuite> <!-- testCases.TC06_AddAffiliate -->
