<?xml version="1.0" encoding="UTF-8"?>
<!-- Generated by org.testng.reporters.JUnitReportReporter -->
<testsuite hostname="Nitisha-PC" failures="0" tests="15" name="testCases.TC02_Login" time="20.762" errors="0" timestamp="2026-01-17T17:58:20 CST" skipped="0">
  <testcase classname="testCases.TC02_Login" name="testLogin" time="1.286"/>
  <testcase classname="testCases.TC02_Login" name="testLogin" time="1.924"/>
  <testcase classname="testCases.TC02_Login" name="testLogin" time="0.934"/>
  <testcase classname="testCases.TC02_Login" name="testLogin" time="1.617"/>
  <testcase classname="testCases.TC02_Login" name="testLogin" time="0.993"/>
  <testcase classname="testCases.TC02_Login" name="testLogin" time="1.485"/>
  <testcase classname="testCases.TC02_Login" name="testLogin" time="1.304"/>
  <testcase classname="testCases.TC02_Login" name="testLogin" time="1.424"/>
  <testcase classname="testCases.TC02_Login" name="testLogin" time="1.228"/>
  <testcase classname="testCases.TC02_Login" name="testLogin" time="0.953"/>
  <testcase classname="testCases.TC02_Login" name="testLogin" time="1.954"/>
  <testcase classname="testCases.TC02_Login" name="testLogin" time="1.541"/>
  <testcase classname="testCases.TC02_Login" name="testLogin" time="1.382"/>
  <testcase classname="testCases.TC02_Login" name="testLogin" time="1.729"/>
  <testcase classname="testCases.TC02_Login" name="testLogin" time="1.008"/>
</testsuite> <!-- testCases.TC02_Login -->
