<?xml version="1.0" encoding="UTF-8"?>
<!-- Generated by org.testng.reporters.JUnitReportReporter -->
<testsuite hostname="Nitisha-PC" failures="0" tests="3" name="testCases.TC03_AddToCart" time="9.466" errors="0" timestamp="2026-01-17T17:58:20 CST" skipped="0">
  <testcase classname="testCases.TC03_AddToCart" name="testAddToCart" time="3.480"/>
  <testcase classname="testCases.TC03_AddToCart" name="testAddToCart" time="2.928"/>
  <testcase classname="testCases.TC03_AddToCart" name="testAddToCart" time="3.058"/>
</testsuite> <!-- testCases.TC03_AddToCart -->
