<?xml version="1.0" encoding="UTF-8"?>
<!-- Generated by org.testng.reporters.JUnitReportReporter -->
<testsuite hostname="Nitisha-PC" failures="0" tests="3" name="testCases.TC01_LaunchApplication" time="0.742" errors="0" timestamp="2026-01-17T17:58:20 CST" skipped="0">
  <testcase classname="testCases.TC01_LaunchApplication" name="testLaunchApplication" time="0.011"/>
  <testcase classname="testCases.TC01_LaunchApplication" name="testLaunchApplication" time="0.021"/>
  <testcase classname="testCases.TC01_LaunchApplication" name="testLaunchApplication" time="0.710"/>
</testsuite> <!-- testCases.TC01_LaunchApplication -->
