<?xml version="1.0" encoding="UTF-8"?>
<!-- Generated by org.testng.reporters.JUnitReportReporter -->
<testsuite hostname="Nitisha-PC" failures="0" tests="3" name="testCases.TC01_LaunchApplication" time="0.755" errors="0" timestamp="2026-01-18T19:24:36 CST" skipped="0">
  <testcase classname="testCases.TC01_LaunchApplication" name="testLaunchApplication" time="0.702"/>
  <testcase classname="testCases.TC01_LaunchApplication" name="testLaunchApplication" time="0.023"/>
  <testcase classname="testCases.TC01_LaunchApplication" name="testLaunchApplication" time="0.030"/>
</testsuite> <!-- testCases.TC01_LaunchApplication -->
