<?xml version="1.0" encoding="UTF-8"?>
<!-- Generated by org.testng.reporters.JUnitReportReporter -->
<testsuite hostname="Nitisha-PC" failures="0" tests="3" name="testCases.TC05_AddToWishList" time="11.859" errors="0" timestamp="2026-01-18T19:24:36 CST" skipped="0">
  <testcase classname="testCases.TC05_AddToWishList" name="testAddToWishList" time="2.871"/>
  <testcase classname="testCases.TC05_AddToWishList" name="testAddToWishList" time="4.578"/>
  <testcase classname="testCases.TC05_AddToWishList" name="testAddToWishList" time="4.410"/>
</testsuite> <!-- testCases.TC05_AddToWishList -->
