<?xml version="1.0" encoding="UTF-8"?>
<!-- Generated by org.testng.reporters.JUnitReportReporter -->
<testsuite hostname="Nitisha-PC" failures="0" tests="3" name="testCases.TC04_CompletePurchase" time="23.568" errors="0" timestamp="2026-01-18T19:24:36 CST" skipped="0">
  <testcase classname="testCases.TC04_CompletePurchase" name="testCompletePurchase" time="5.998"/>
  <testcase classname="testCases.TC04_CompletePurchase" name="testCompletePurchase" time="8.210"/>
  <testcase classname="testCases.TC04_CompletePurchase" name="testCompletePurchase" time="9.360"/>
</testsuite> <!-- testCases.TC04_CompletePurchase -->
