<?xml version="1.0" encoding="UTF-8"?>
<!-- Generated by org.testng.reporters.JUnitReportReporter -->
<testsuite hostname="Nitisha-PC" failures="0" tests="15" name="testCases.TC02_Login" time="30.786" errors="0" timestamp="2026-01-18T19:24:36 CST" skipped="0">
  <testcase classname="testCases.TC02_Login" name="testLogin" time="2.199"/>
  <testcase classname="testCases.TC02_Login" name="testLogin" time="3.131"/>
  <testcase classname="testCases.TC02_Login" name="testLogin" time="1.688"/>
  <testcase classname="testCases.TC02_Login" name="testLogin" time="1.865"/>
  <testcase classname="testCases.TC02_Login" name="testLogin" time="3.134"/>
  <testcase classname="testCases.TC02_Login" name="testLogin" time="2.195"/>
  <testcase classname="testCases.TC02_Login" name="testLogin" time="1.247"/>
  <testcase classname="testCases.TC02_Login" name="testLogin" time="1.404"/>
  <testcase classname="testCases.TC02_Login" name="testLogin" time="2.770"/>
  <testcase classname="testCases.TC02_Login" name="testLogin" time="1.177"/>
  <testcase classname="testCases.TC02_Login" name="testLogin" time="1.283"/>
  <testcase classname="testCases.TC02_Login" name="testLogin" time="2.085"/>
  <testcase classname="testCases.TC02_Login" name="testLogin" time="3.324"/>
  <testcase classname="testCases.TC02_Login" name="testLogin" time="1.591"/>
  <testcase classname="testCases.TC02_Login" name="testLogin" time="1.693"/>
</testsuite> <!-- testCases.TC02_Login -->
