<?xml version="1.0" encoding="UTF-8"?>
<!-- Generated by org.testng.reporters.JUnitReportReporter -->
<testsuite hostname="Nitisha-PC" failures="0" tests="3" name="testCases.TC03_AddToCart" time="9.876" errors="0" timestamp="2026-01-18T19:24:36 CST" skipped="0">
  <testcase classname="testCases.TC03_AddToCart" name="testAddToCart" time="2.705"/>
  <testcase classname="testCases.TC03_AddToCart" name="testAddToCart" time="3.499"/>
  <testcase classname="testCases.TC03_AddToCart" name="testAddToCart" time="3.672"/>
</testsuite> <!-- testCases.TC03_AddToCart -->
