<?xml version="1.0" encoding="UTF-8"?>
<!-- Generated by org.testng.reporters.JUnitReportReporter -->
<testsuite hostname="Nitisha-PC" failures="0" tests="3" name="testCases.TC06_AddAffiliate" time="14.530" errors="0" timestamp="2026-01-18T19:24:36 CST" skipped="0">
  <testcase classname="testCases.TC06_AddAffiliate" name="testAddAffiliate" time="3.935"/>
  <testcase classname="testCases.TC06_AddAffiliate" name="testAddAffiliate" time="5.364"/>
  <testcase classname="testCases.TC06_AddAffiliate" name="testAddAffiliate" time="5.231"/>
</testsuite> <!-- testCases.TC06_AddAffiliate -->
